# JRE version: Java(TM) SE Runtime Environment (18.0.2+9) (build 18.0.2+9-61)
# Java VM: Java HotSpot(TM) 64-Bit Server VM (18.0.2+9-61, mixed mode, sharing, tiered, compressed oops, compressed class ptrs, g1 gc, bsd-amd64)
GC Precious Log:
 CardTable entry size: 512
 Card Set container configuration: InlinePtr #cards 4 size 8 Array Of Cards #cards 16 size 48 Howl #buckets 8 coarsen threshold 3686 Howl Bitmap #cards 512 size 80 coarsen threshold 460 Card regions per heap region 1 cards per card region 4096
 CPUs: 12 total, 12 available
 Memory: 16384M
 Large Page Support: Disabled
 NUMA Support: Disabled
 Compressed Oops: Enabled (Zero based)
 Heap Region Size: 2M
 Heap Min Capacity: 8M
 Heap Initial Capacity: 256M
 Heap Max Capacity: 4G
 Pre-touch: Disabled
 Parallel Workers: 10
 Concurrent Workers: 3
 Concurrent Refinement Workers: 10
 Periodic GC: Disabled
Heap:
 garbage-first heap   total 131072K, used 94449K [0x0000000700000000, 0x0000000800000000)
  region size 2048K, 7 young (14336K), 1 survivors (2048K)
 Metaspace       used 38427K, committed 38848K, reserved 1114112K
  class space    used 5058K, committed 5248K, reserved 1048576K
GC Heap History (20 events):
Event: 34.921 GC heap before
{Heap before GC invocations=21 (full 0):
 garbage-first heap   total 131072K, used 85955K [0x0000000700000000, 0x0000000800000000)
  region size 2048K, 17 young (34816K), 3 survivors (6144K)
 Metaspace       used 38374K, committed 38848K, reserved 1114112K
  class space    used 5055K, committed 5248K, reserved 1048576K
}
Event: 34.929 GC heap after
{Heap after GC invocations=22 (full 0):
 garbage-first heap   total 131072K, used 61907K [0x0000000700000000, 0x0000000800000000)
  region size 2048K, 3 young (6144K), 3 survivors (6144K)
 Metaspace       used 38374K, committed 38848K, reserved 1114112K
  class space    used 5055K, committed 5248K, reserved 1048576K
}
Event: 37.586 GC heap before
{Heap before GC invocations=23 (full 0):
 garbage-first heap   total 131072K, used 102867K [0x0000000700000000, 0x0000000800000000)
  region size 2048K, 21 young (43008K), 3 survivors (6144K)
 Metaspace       used 38374K, committed 38848K, reserved 1114112K
  class space    used 5055K, committed 5248K, reserved 1048576K
}
Event: 37.596 GC heap after
{Heap after GC invocations=24 (full 0):
 garbage-first heap   total 131072K, used 69134K [0x0000000700000000, 0x0000000800000000)
  region size 2048K, 3 young (6144K), 3 survivors (6144K)
 Metaspace       used 38374K, committed 38848K, reserved 1114112K
  class space    used 5055K, committed 5248K, reserved 1048576K
}
Event: 37.694 GC heap before
{Heap before GC invocations=24 (full 0):
 garbage-first heap   total 131072K, used 71182K [0x0000000700000000, 0x0000000800000000)
  region size 2048K, 4 young (8192K), 3 survivors (6144K)
 Metaspace       used 38374K, committed 38848K, reserved 1114112K
  class space    used 5055K, committed 5248K, reserved 1048576K
}
Event: 37.703 GC heap after
{Heap after GC invocations=25 (full 0):
 garbage-first heap   total 131072K, used 68597K [0x0000000700000000, 0x0000000800000000)
  region size 2048K, 1 young (2048K), 1 survivors (2048K)
 Metaspace       used 38374K, committed 38848K, reserved 1114112K
  class space    used 5055K, committed 5248K, reserved 1048576K
}
Event: 39.316 GC heap before
{Heap before GC invocations=25 (full 0):
 garbage-first heap   total 131072K, used 99317K [0x0000000700000000, 0x0000000800000000)
  region size 2048K, 16 young (32768K), 1 survivors (2048K)
 Metaspace       used 38376K, committed 38848K, reserved 1114112K
  class space    used 5055K, committed 5248K, reserved 1048576K
}
Event: 39.327 GC heap after
{Heap after GC invocations=26 (full 0):
 garbage-first heap   total 131072K, used 73555K [0x0000000700000000, 0x0000000800000000)
  region size 2048K, 2 young (4096K), 2 survivors (4096K)
 Metaspace       used 38376K, committed 38848K, reserved 1114112K
  class space    used 5055K, committed 5248K, reserved 1048576K
}
Event: 40.681 GC heap before
{Heap before GC invocations=27 (full 0):
 garbage-first heap   total 131072K, used 98131K [0x0000000700000000, 0x0000000800000000)
  region size 2048K, 15 young (30720K), 2 survivors (4096K)
 Metaspace       used 38376K, committed 38848K, reserved 1114112K
  class space    used 5055K, committed 5248K, reserved 1048576K
}
Event: 40.694 GC heap after
{Heap after GC invocations=28 (full 0):
 garbage-first heap   total 131072K, used 75451K [0x0000000700000000, 0x0000000800000000)
  region size 2048K, 2 young (4096K), 2 survivors (4096K)
 Metaspace       used 38376K, committed 38848K, reserved 1114112K
  class space    used 5055K, committed 5248K, reserved 1048576K
}
Event: 40.779 GC heap before
{Heap before GC invocations=28 (full 0):
 garbage-first heap   total 131072K, used 77499K [0x0000000700000000, 0x0000000800000000)
  region size 2048K, 3 young (6144K), 2 survivors (4096K)
 Metaspace       used 38376K, committed 38848K, reserved 1114112K
  class space    used 5055K, committed 5248K, reserved 1048576K
}
Event: 40.786 GC heap after
{Heap after GC invocations=29 (full 0):
 garbage-first heap   total 131072K, used 74693K [0x0000000700000000, 0x0000000800000000)
  region size 2048K, 1 young (2048K), 1 survivors (2048K)
 Metaspace       used 38376K, committed 38848K, reserved 1114112K
  class space    used 5055K, committed 5248K, reserved 1048576K
}
Event: 41.977 GC heap before
{Heap before GC invocations=29 (full 0):
 garbage-first heap   total 131072K, used 99269K [0x0000000700000000, 0x0000000800000000)
  region size 2048K, 13 young (26624K), 1 survivors (2048K)
 Metaspace       used 38376K, committed 38848K, reserved 1114112K
  class space    used 5055K, committed 5248K, reserved 1048576K
}
Event: 41.985 GC heap after
{Heap after GC invocations=30 (full 0):
 garbage-first heap   total 131072K, used 78741K [0x0000000700000000, 0x0000000800000000)
  region size 2048K, 2 young (4096K), 2 survivors (4096K)
 Metaspace       used 38376K, committed 38848K, reserved 1114112K
  class space    used 5055K, committed 5248K, reserved 1048576K
}
Event: 43.974 GC heap before
{Heap before GC invocations=30 (full 0):
 garbage-first heap   total 131072K, used 103317K [0x0000000700000000, 0x0000000800000000)
  region size 2048K, 14 young (28672K), 2 survivors (4096K)
 Metaspace       used 38376K, committed 38848K, reserved 1114112K
  class space    used 5055K, committed 5248K, reserved 1048576K
}
Event: 43.982 GC heap after
{Heap after GC invocations=31 (full 0):
 garbage-first heap   total 131072K, used 80778K [0x0000000700000000, 0x0000000800000000)
  region size 2048K, 2 young (4096K), 2 survivors (4096K)
 Metaspace       used 38376K, committed 38848K, reserved 1114112K
  class space    used 5055K, committed 5248K, reserved 1048576K
}
Event: 45.926 GC heap before
{Heap before GC invocations=31 (full 0):
 garbage-first heap   total 131072K, used 105354K [0x0000000700000000, 0x0000000800000000)
  region size 2048K, 12 young (24576K), 2 survivors (4096K)
 Metaspace       used 38424K, committed 38848K, reserved 1114112K
  class space    used 5058K, committed 5248K, reserved 1048576K
}
Event: 45.928 GC heap after
{Heap after GC invocations=32 (full 0):
 garbage-first heap   total 131072K, used 84198K [0x0000000700000000, 0x0000000800000000)
  region size 2048K, 1 young (2048K), 1 survivors (2048K)
 Metaspace       used 38424K, committed 38848K, reserved 1114112K
  class space    used 5058K, committed 5248K, reserved 1048576K
}
Event: 46.106 GC heap before
{Heap before GC invocations=32 (full 0):
 garbage-first heap   total 131072K, used 102630K [0x0000000700000000, 0x0000000800000000)
  region size 2048K, 10 young (20480K), 1 survivors (2048K)
 Metaspace       used 38427K, committed 38848K, reserved 1114112K
  class space    used 5058K, committed 5248K, reserved 1048576K
}
Event: 46.107 GC heap after
{Heap after GC invocations=33 (full 0):
 garbage-first heap   total 131072K, used 84209K [0x0000000700000000, 0x0000000800000000)
  region size 2048K, 1 young (2048K), 1 survivors (2048K)
 Metaspace       used 38427K, committed 38848K, reserved 1114112K
  class space    used 5058K, committed 5248K, reserved 1048576K
}

